2025-07-18T10:13:24:    ▲ Next.js 14.1.4
2025-07-18T10:13:24:    - Local:        http://localhost:3000
2025-07-18T10:13:24: 
2025-07-18T10:13:25:  ✓ Ready in 1124ms
2025-07-18T10:13:43: ⚠️ MONGODB_URI missing from .env
2025-07-18T10:26:48:    ▲ Next.js 14.1.4
2025-07-18T10:26:48:    - Local:        http://localhost:3000
2025-07-18T10:26:48: 
2025-07-18T10:26:48:  ✓ Ready in 1090ms
2025-07-18T10:28:09: ⚠️ MONGODB_URI missing from .env
2025-07-18T10:35:55:    ▲ Next.js 14.1.4
2025-07-18T10:35:55:    - Local:        http://localhost:3000
2025-07-18T10:35:55: 
2025-07-18T10:35:55:  ✓ Ready in 1623ms
2025-07-18T10:37:00: ⚠️ MONGODB_URI missing from .env
2025-07-18T10:48:14:    ▲ Next.js 14.1.4
2025-07-18T10:48:14:    - Local:        http://localhost:3000
2025-07-18T10:48:14: 
2025-07-18T10:48:14:  ✓ Ready in 1510ms
2025-07-18T10:48:29: ⚠️ MONGODB_URI missing from .env
2025-07-18T10:52:18:    ▲ Next.js 14.1.4
2025-07-18T10:52:18:    - Local:        http://localhost:3000
2025-07-18T10:52:18: 
2025-07-18T10:52:19:  ✓ Ready in 1431ms
2025-07-18T10:52:24: ⚠️ MONGODB_URI missing from .env
2025-07-18T11:04:56:    ▲ Next.js 14.1.4
2025-07-18T11:04:56:    - Local:        http://localhost:3000
2025-07-18T11:04:56: 
2025-07-18T11:04:57:  ✓ Ready in 1341ms
2025-07-18T11:07:23: ⚠️ MONGODB_URI missing from .env
2025-07-18T12:25:58:    ▲ Next.js 14.1.4
2025-07-18T12:25:58:    - Local:        http://localhost:3000
2025-07-18T12:25:58: 
2025-07-18T12:25:59:  ✓ Ready in 1393ms
2025-07-18T12:34:49: ⚠️ MONGODB_URI missing from .env
2025-07-18T12:45:26:    ▲ Next.js 14.1.4
2025-07-18T12:45:26:    - Local:        http://localhost:3000
2025-07-18T12:45:26: 
2025-07-18T12:45:27:  ✓ Ready in 1692ms
2025-07-18T12:46:21:    ▲ Next.js 14.1.4
2025-07-18T12:46:21:    - Local:        http://localhost:3000
2025-07-18T12:46:21: 
2025-07-18T12:46:21:  ✓ Ready in 1174ms
2025-07-18T12:47:38: ⚠️ MONGODB_URI missing from .env
